<?xml version="1.0" encoding="UTF-8"?>
<testng-results skipped="0" failed="0" ignored="0" total="1" passed="1">
  <reporter-output>
  </reporter-output>
  <suite name="Default suite" duration-ms="19698" started-at="2021-06-06T16:39:30 IST" finished-at="2021-06-06T16:39:50 IST">
    <groups>
    </groups>
    <test name="Default test" duration-ms="19698" started-at="2021-06-06T16:39:30 IST" finished-at="2021-06-06T16:39:50 IST">
      <class name="TestScripts.SearchWikicontent">
        <test-method status="PASS" signature="Setup()[pri:0, instance:TestScripts.SearchWikicontent@78e67e0a]" name="Setup" is-config="true" duration-ms="5846" started-at="2021-06-06T16:39:30 IST" finished-at="2021-06-06T16:39:36 IST">
          <reporter-output>
          </reporter-output>
        </test-method> <!-- Setup -->
        <test-method status="PASS" signature="SearchOnGoogle()[pri:0, instance:TestScripts.SearchWikicontent@78e67e0a]" name="SearchOnGoogle" duration-ms="9596" started-at="2021-06-06T16:39:36 IST" finished-at="2021-06-06T16:39:45 IST">
          <reporter-output>
          </reporter-output>
        </test-method> <!-- SearchOnGoogle -->
        <test-method status="PASS" signature="TearDown()[pri:0, instance:TestScripts.SearchWikicontent@78e67e0a]" name="TearDown" is-config="true" duration-ms="4195" started-at="2021-06-06T16:39:45 IST" finished-at="2021-06-06T16:39:50 IST">
          <reporter-output>
          </reporter-output>
        </test-method> <!-- TearDown -->
      </class> <!-- TestScripts.SearchWikicontent -->
    </test> <!-- Default test -->
  </suite> <!-- Default suite -->
</testng-results>
